[debug] [2022-06-26T15:50:26.555Z] ----------------------------------------------------------------------
[debug] [2022-06-26T15:50:26.558Z] Command:       /home/fabiochiquezi/.nvm/versions/node/v16.15.0/bin/node /home/fabiochiquezi/.nvm/versions/node/v16.15.0/bin/firebase emulators:start
[debug] [2022-06-26T15:50:26.559Z] CLI Version:   11.1.0
[debug] [2022-06-26T15:50:26.559Z] Platform:      linux
[debug] [2022-06-26T15:50:26.559Z] Node Version:  v16.15.0
[debug] [2022-06-26T15:50:26.560Z] Time:          Sun Jun 26 2022 12:50:26 GMT-0300 (Brasilia Standard Time)
[debug] [2022-06-26T15:50:26.560Z] ----------------------------------------------------------------------
[debug] 
[debug] [2022-06-26T15:50:26.676Z] > command requires scopes: ["email","openid","https://www.googleapis.com/auth/cloudplatformprojects.readonly","https://www.googleapis.com/auth/firebase","https://www.googleapis.com/auth/cloud-platform"]
[debug] [2022-06-26T15:50:26.677Z] > authorizing via signed-in user (fabiochiquezi@gmail.com)
[info] i  emulators: Starting emulators: auth {"metadata":{"emulator":{"name":"hub"},"message":"Starting emulators: auth"}}
[debug] [2022-06-26T15:50:26.761Z] [hub] writing locator at /tmp/hub-toolnextjsboilerplate.json
[debug] [2022-06-26T15:50:35.154Z] Ignoring unsupported arg: auto_download {"metadata":{"emulator":{"name":"ui"},"message":"Ignoring unsupported arg: auto_download"}}
[debug] [2022-06-26T15:50:35.154Z] Ignoring unsupported arg: port {"metadata":{"emulator":{"name":"ui"},"message":"Ignoring unsupported arg: port"}}
[debug] [2022-06-26T15:50:35.155Z] Starting Emulator UI with command {"binary":"node","args":["--dns-result-order=ipv4first","/home/fabiochiquezi/.cache/firebase/emulators/ui-v1.7.0/server.bundle.js"],"optionalArgs":[],"joinArgs":false} {"metadata":{"emulator":{"name":"ui"},"message":"Starting Emulator UI with command {\"binary\":\"node\",\"args\":[\"--dns-result-order=ipv4first\",\"/home/fabiochiquezi/.cache/firebase/emulators/ui-v1.7.0/server.bundle.js\"],\"optionalArgs\":[],\"joinArgs\":false}"}}
[info] i  ui: Emulator UI logging to ui-debug.log {"metadata":{"emulator":{"name":"ui"},"message":"Emulator UI logging to \u001b[1mui-debug.log\u001b[22m"}}
[debug] [2022-06-26T15:50:35.306Z] Web / API server started at localhost:4040
 {"metadata":{"emulator":{"name":"ui"},"message":"Web / API server started at localhost:4040\n"}}
[info] 
┌─────────────────────────────────────────────────────────────┐
│ ✔  All emulators ready! It is now safe to connect your app. │
│ i  View Emulator UI at http://localhost:4040                │
└─────────────────────────────────────────────────────────────┘

┌────────────────┬────────────────┬────────────────────────────┐
│ Emulator       │ Host:Port      │ View in Emulator UI        │
├────────────────┼────────────────┼────────────────────────────┤
│ Authentication │ localhost:9099 │ http://localhost:4040/auth │
└────────────────┴────────────────┴────────────────────────────┘
  Emulator Hub running at localhost:4400
  Other reserved ports: 4500

Issues? Report them at https://github.com/firebase/firebase-tools/issues and attach the *-debug.log files.
 
